This is pdfTeX, Version 3.14159265-2.6-1.40.16 (TeX Live 2015/Debian) (preloaded format=pdflatex 2018.12.30)  12 FEB 2020 12:59
entering extended mode
 \write18 enabled.
 %&-line parsing enabled.
**doc.tex
(./doc.tex
LaTeX2e <2016/02/01>
Babel <3.9q> and hyphenation patterns for 81 language(s) loaded.
(/usr/share/texlive/texmf-dist/tex/latex/base/article.cls
Document Class: article 2014/09/29 v1.4h Standard LaTeX document class
(/usr/share/texlive/texmf-dist/tex/latex/base/size12.clo
File: size12.clo 2014/09/29 v1.4h Standard LaTeX file (size option)
)
\c@part=\count79
\c@section=\count80
\c@subsection=\count81
\c@subsubsection=\count82
\c@paragraph=\count83
\c@subparagraph=\count84
\c@figure=\count85
\c@table=\count86
\abovecaptionskip=\skip41
\belowcaptionskip=\skip42
\bibindent=\dimen102
)
(/usr/share/texlive/texmf-dist/tex/latex/amsmath/amsmath.sty
Package: amsmath 2016/03/03 v2.15a AMS math features
\@mathmargin=\skip43

For additional information on amsmath, use the `?' option.
(/usr/share/texlive/texmf-dist/tex/latex/amsmath/amstext.sty
Package: amstext 2000/06/29 v2.01 AMS text

(/usr/share/texlive/texmf-dist/tex/latex/amsmath/amsgen.sty
File: amsgen.sty 1999/11/30 v2.0 generic functions
\@emptytoks=\toks14
\ex@=\dimen103
))
(/usr/share/texlive/texmf-dist/tex/latex/amsmath/amsbsy.sty
Package: amsbsy 1999/11/29 v1.2d Bold Symbols
\pmbraise@=\dimen104
)
(/usr/share/texlive/texmf-dist/tex/latex/amsmath/amsopn.sty
Package: amsopn 1999/12/14 v2.01 operator names
)
\inf@bad=\count87
LaTeX Info: Redefining \frac on input line 199.
\uproot@=\count88
\leftroot@=\count89
LaTeX Info: Redefining \overline on input line 297.
\classnum@=\count90
\DOTSCASE@=\count91
LaTeX Info: Redefining \ldots on input line 394.
LaTeX Info: Redefining \dots on input line 397.
LaTeX Info: Redefining \cdots on input line 518.
\Mathstrutbox@=\box26
\strutbox@=\box27
\big@size=\dimen105
LaTeX Font Info:    Redeclaring font encoding OML on input line 630.
LaTeX Font Info:    Redeclaring font encoding OMS on input line 631.
\macc@depth=\count92
\c@MaxMatrixCols=\count93
\dotsspace@=\muskip10
\c@parentequation=\count94
\dspbrk@lvl=\count95
\tag@help=\toks15
\row@=\count96
\column@=\count97
\maxfields@=\count98
\andhelp@=\toks16
\eqnshift@=\dimen106
\alignsep@=\dimen107
\tagshift@=\dimen108
\tagwidth@=\dimen109
\totwidth@=\dimen110
\lineht@=\dimen111
\@envbody=\toks17
\multlinegap=\skip44
\multlinetaggap=\skip45
\mathdisplay@stack=\toks18
LaTeX Info: Redefining \[ on input line 2735.
LaTeX Info: Redefining \] on input line 2736.
)
(/usr/share/texlive/texmf-dist/tex/latex/amsfonts/amsfonts.sty
Package: amsfonts 2013/01/14 v3.01 Basic AMSFonts support
\symAMSa=\mathgroup4
\symAMSb=\mathgroup5
LaTeX Font Info:    Overwriting math alphabet `\mathfrak' in version `bold'
(Font)                  U/euf/m/n --> U/euf/b/n on input line 106.
)
(/usr/share/texlive/texmf-dist/tex/latex/amsfonts/amssymb.sty
Package: amssymb 2013/01/14 v3.01 AMS font symbols
)
(/usr/share/texlive/texmf-dist/tex/latex/graphics/graphicx.sty
Package: graphicx 2014/10/28 v1.0g Enhanced LaTeX Graphics (DPC,SPQR)

(/usr/share/texlive/texmf-dist/tex/latex/graphics/keyval.sty
Package: keyval 2014/10/28 v1.15 key=value parser (DPC)
\KV@toks@=\toks19
)
(/usr/share/texlive/texmf-dist/tex/latex/graphics/graphics.sty
Package: graphics 2016/01/03 v1.0q Standard LaTeX Graphics (DPC,SPQR)

(/usr/share/texlive/texmf-dist/tex/latex/graphics/trig.sty
Package: trig 2016/01/03 v1.10 sin cos tan (DPC)
)
(/usr/share/texlive/texmf-dist/tex/latex/latexconfig/graphics.cfg
File: graphics.cfg 2010/04/23 v1.9 graphics configuration of TeX Live
)
Package graphics Info: Driver file: pdftex.def on input line 95.

(/usr/share/texlive/texmf-dist/tex/latex/pdftex-def/pdftex.def
File: pdftex.def 2011/05/27 v0.06d Graphics/color for pdfTeX

(/usr/share/texlive/texmf-dist/tex/generic/oberdiek/infwarerr.sty
Package: infwarerr 2010/04/08 v1.3 Providing info/warning/error messages (HO)
)
(/usr/share/texlive/texmf-dist/tex/generic/oberdiek/ltxcmds.sty
Package: ltxcmds 2011/11/09 v1.22 LaTeX kernel commands for general use (HO)
)
\Gread@gobject=\count99
))
\Gin@req@height=\dimen112
\Gin@req@width=\dimen113
)
(/usr/share/texlive/texmf-dist/tex/latex/float/float.sty
Package: float 2001/11/08 v1.3d Float enhancements (AL)
\c@float@type=\count100
\float@exts=\toks20
\float@box=\box28
\@float@everytoks=\toks21
\@floatcapt=\box29
)
(/usr/share/texlive/texmf-dist/tex/latex/listings/listings.sty
\lst@mode=\count101
\lst@gtempboxa=\box30
\lst@token=\toks22
\lst@length=\count102
\lst@currlwidth=\dimen114
\lst@column=\count103
\lst@pos=\count104
\lst@lostspace=\dimen115
\lst@width=\dimen116
\lst@newlines=\count105
\lst@lineno=\count106
\lst@maxwidth=\dimen117

(/usr/share/texlive/texmf-dist/tex/latex/listings/lstmisc.sty
File: lstmisc.sty 2015/06/04 1.6 (Carsten Heinz)
\c@lstnumber=\count107
\lst@skipnumbers=\count108
\lst@framebox=\box31
)
(/usr/share/texlive/texmf-dist/tex/latex/listings/listings.cfg
File: listings.cfg 2015/06/04 1.6 listings configuration
))
Package: listings 2015/06/04 1.6 (Carsten Heinz)

(/usr/share/texlive/texmf-dist/tex/latex/rotating/rotating.sty
Package: rotating 2009/03/28 v2.16a rotated objects in LaTeX

(/usr/share/texlive/texmf-dist/tex/latex/base/ifthen.sty
Package: ifthen 2014/09/29 v1.1c Standard LaTeX ifthen package (DPC)
)
\c@r@tfl@t=\count109
\rotFPtop=\skip46
\rotFPbot=\skip47
\rot@float@box=\box32
\rot@mess@toks=\toks23
)
(/usr/share/texlive/texmf-dist/tex/latex/pgf/frontendlayer/tikz.sty
(/usr/share/texlive/texmf-dist/tex/latex/pgf/basiclayer/pgf.sty
(/usr/share/texlive/texmf-dist/tex/latex/pgf/utilities/pgfrcs.sty
(/usr/share/texlive/texmf-dist/tex/generic/pgf/utilities/pgfutil-common.tex
\pgfutil@everybye=\toks24
\pgfutil@tempdima=\dimen118
\pgfutil@tempdimb=\dimen119

(/usr/share/texlive/texmf-dist/tex/generic/pgf/utilities/pgfutil-common-lists.t
ex)) (/usr/share/texlive/texmf-dist/tex/generic/pgf/utilities/pgfutil-latex.def
\pgfutil@abb=\box33
(/usr/share/texlive/texmf-dist/tex/latex/ms/everyshi.sty
Package: everyshi 2001/05/15 v3.00 EveryShipout Package (MS)
))
(/usr/share/texlive/texmf-dist/tex/generic/pgf/utilities/pgfrcs.code.tex
Package: pgfrcs 2015/08/07 v3.0.1a (rcs-revision 1.31)
))
Package: pgf 2015/08/07 v3.0.1a (rcs-revision 1.15)

(/usr/share/texlive/texmf-dist/tex/latex/pgf/basiclayer/pgfcore.sty
(/usr/share/texlive/texmf-dist/tex/latex/pgf/systemlayer/pgfsys.sty
(/usr/share/texlive/texmf-dist/tex/generic/pgf/systemlayer/pgfsys.code.tex
Package: pgfsys 2014/07/09 v3.0.1a (rcs-revision 1.48)

(/usr/share/texlive/texmf-dist/tex/generic/pgf/utilities/pgfkeys.code.tex
\pgfkeys@pathtoks=\toks25
\pgfkeys@temptoks=\toks26

(/usr/share/texlive/texmf-dist/tex/generic/pgf/utilities/pgfkeysfiltered.code.t
ex
\pgfkeys@tmptoks=\toks27
))
\pgf@x=\dimen120
\pgf@y=\dimen121
\pgf@xa=\dimen122
\pgf@ya=\dimen123
\pgf@xb=\dimen124
\pgf@yb=\dimen125
\pgf@xc=\dimen126
\pgf@yc=\dimen127
\w@pgf@writea=\write3
\r@pgf@reada=\read1
\c@pgf@counta=\count110
\c@pgf@countb=\count111
\c@pgf@countc=\count112
\c@pgf@countd=\count113
\t@pgf@toka=\toks28
\t@pgf@tokb=\toks29
\t@pgf@tokc=\toks30
 (/usr/share/texlive/texmf-dist/tex/generic/pgf/systemlayer/pgf.cfg
File: pgf.cfg 2008/05/14  (rcs-revision 1.7)
)
Driver file for pgf: pgfsys-pdftex.def

(/usr/share/texlive/texmf-dist/tex/generic/pgf/systemlayer/pgfsys-pdftex.def
File: pgfsys-pdftex.def 2014/10/11  (rcs-revision 1.35)

(/usr/share/texlive/texmf-dist/tex/generic/pgf/systemlayer/pgfsys-common-pdf.de
f
File: pgfsys-common-pdf.def 2013/10/10  (rcs-revision 1.13)
)))
(/usr/share/texlive/texmf-dist/tex/generic/pgf/systemlayer/pgfsyssoftpath.code.
tex
File: pgfsyssoftpath.code.tex 2013/09/09  (rcs-revision 1.9)
\pgfsyssoftpath@smallbuffer@items=\count114
\pgfsyssoftpath@bigbuffer@items=\count115
)
(/usr/share/texlive/texmf-dist/tex/generic/pgf/systemlayer/pgfsysprotocol.code.
tex
File: pgfsysprotocol.code.tex 2006/10/16  (rcs-revision 1.4)
)) (/usr/share/texlive/texmf-dist/tex/latex/xcolor/xcolor.sty
Package: xcolor 2007/01/21 v2.11 LaTeX color extensions (UK)

(/usr/share/texlive/texmf-dist/tex/latex/latexconfig/color.cfg
File: color.cfg 2007/01/18 v1.5 color configuration of teTeX/TeXLive
)
Package xcolor Info: Driver file: pdftex.def on input line 225.
Package xcolor Info: Model `cmy' substituted by `cmy0' on input line 1337.
Package xcolor Info: Model `hsb' substituted by `rgb' on input line 1341.
Package xcolor Info: Model `RGB' extended on input line 1353.
Package xcolor Info: Model `HTML' substituted by `rgb' on input line 1355.
Package xcolor Info: Model `Hsb' substituted by `hsb' on input line 1356.
Package xcolor Info: Model `tHsb' substituted by `hsb' on input line 1357.
Package xcolor Info: Model `HSB' substituted by `hsb' on input line 1358.
Package xcolor Info: Model `Gray' substituted by `gray' on input line 1359.
Package xcolor Info: Model `wave' substituted by `hsb' on input line 1360.
)
(/usr/share/texlive/texmf-dist/tex/generic/pgf/basiclayer/pgfcore.code.tex
Package: pgfcore 2010/04/11 v3.0.1a (rcs-revision 1.7)

(/usr/share/texlive/texmf-dist/tex/generic/pgf/math/pgfmath.code.tex
(/usr/share/texlive/texmf-dist/tex/generic/pgf/math/pgfmathcalc.code.tex
(/usr/share/texlive/texmf-dist/tex/generic/pgf/math/pgfmathutil.code.tex)
(/usr/share/texlive/texmf-dist/tex/generic/pgf/math/pgfmathparser.code.tex
\pgfmath@dimen=\dimen128
\pgfmath@count=\count116
\pgfmath@box=\box34
\pgfmath@toks=\toks31
\pgfmath@stack@operand=\toks32
\pgfmath@stack@operation=\toks33
)
(/usr/share/texlive/texmf-dist/tex/generic/pgf/math/pgfmathfunctions.code.tex
(/usr/share/texlive/texmf-dist/tex/generic/pgf/math/pgfmathfunctions.basic.code
.tex)
(/usr/share/texlive/texmf-dist/tex/generic/pgf/math/pgfmathfunctions.trigonomet
ric.code.tex)
(/usr/share/texlive/texmf-dist/tex/generic/pgf/math/pgfmathfunctions.random.cod
e.tex)
(/usr/share/texlive/texmf-dist/tex/generic/pgf/math/pgfmathfunctions.comparison
.code.tex)
(/usr/share/texlive/texmf-dist/tex/generic/pgf/math/pgfmathfunctions.base.code.
tex)
(/usr/share/texlive/texmf-dist/tex/generic/pgf/math/pgfmathfunctions.round.code
.tex)
(/usr/share/texlive/texmf-dist/tex/generic/pgf/math/pgfmathfunctions.misc.code.
tex)
(/usr/share/texlive/texmf-dist/tex/generic/pgf/math/pgfmathfunctions.integerari
thmetics.code.tex)))
(/usr/share/texlive/texmf-dist/tex/generic/pgf/math/pgfmathfloat.code.tex
\c@pgfmathroundto@lastzeros=\count117
))
(/usr/share/texlive/texmf-dist/tex/generic/pgf/basiclayer/pgfcorepoints.code.te
x
File: pgfcorepoints.code.tex 2013/10/07  (rcs-revision 1.27)
\pgf@picminx=\dimen129
\pgf@picmaxx=\dimen130
\pgf@picminy=\dimen131
\pgf@picmaxy=\dimen132
\pgf@pathminx=\dimen133
\pgf@pathmaxx=\dimen134
\pgf@pathminy=\dimen135
\pgf@pathmaxy=\dimen136
\pgf@xx=\dimen137
\pgf@xy=\dimen138
\pgf@yx=\dimen139
\pgf@yy=\dimen140
\pgf@zx=\dimen141
\pgf@zy=\dimen142
)
(/usr/share/texlive/texmf-dist/tex/generic/pgf/basiclayer/pgfcorepathconstruct.
code.tex
File: pgfcorepathconstruct.code.tex 2013/10/07  (rcs-revision 1.29)
\pgf@path@lastx=\dimen143
\pgf@path@lasty=\dimen144
)
(/usr/share/texlive/texmf-dist/tex/generic/pgf/basiclayer/pgfcorepathusage.code
.tex
File: pgfcorepathusage.code.tex 2014/11/02  (rcs-revision 1.24)
\pgf@shorten@end@additional=\dimen145
\pgf@shorten@start@additional=\dimen146
)
(/usr/share/texlive/texmf-dist/tex/generic/pgf/basiclayer/pgfcorescopes.code.te
x
File: pgfcorescopes.code.tex 2015/05/08  (rcs-revision 1.46)
\pgfpic=\box35
\pgf@hbox=\box36
\pgf@layerbox@main=\box37
\pgf@picture@serial@count=\count118
)
(/usr/share/texlive/texmf-dist/tex/generic/pgf/basiclayer/pgfcoregraphicstate.c
ode.tex
File: pgfcoregraphicstate.code.tex 2014/11/02  (rcs-revision 1.12)
\pgflinewidth=\dimen147
)
(/usr/share/texlive/texmf-dist/tex/generic/pgf/basiclayer/pgfcoretransformation
s.code.tex
File: pgfcoretransformations.code.tex 2015/08/07  (rcs-revision 1.20)
\pgf@pt@x=\dimen148
\pgf@pt@y=\dimen149
\pgf@pt@temp=\dimen150
)
(/usr/share/texlive/texmf-dist/tex/generic/pgf/basiclayer/pgfcorequick.code.tex
File: pgfcorequick.code.tex 2008/10/09  (rcs-revision 1.3)
)
(/usr/share/texlive/texmf-dist/tex/generic/pgf/basiclayer/pgfcoreobjects.code.t
ex
File: pgfcoreobjects.code.tex 2006/10/11  (rcs-revision 1.2)
)
(/usr/share/texlive/texmf-dist/tex/generic/pgf/basiclayer/pgfcorepathprocessing
.code.tex
File: pgfcorepathprocessing.code.tex 2013/09/09  (rcs-revision 1.9)
)
(/usr/share/texlive/texmf-dist/tex/generic/pgf/basiclayer/pgfcorearrows.code.te
x
File: pgfcorearrows.code.tex 2015/05/14  (rcs-revision 1.43)
\pgfarrowsep=\dimen151
)
(/usr/share/texlive/texmf-dist/tex/generic/pgf/basiclayer/pgfcoreshade.code.tex
File: pgfcoreshade.code.tex 2013/07/15  (rcs-revision 1.15)
\pgf@max=\dimen152
\pgf@sys@shading@range@num=\count119
)
(/usr/share/texlive/texmf-dist/tex/generic/pgf/basiclayer/pgfcoreimage.code.tex
File: pgfcoreimage.code.tex 2013/07/15  (rcs-revision 1.18)

(/usr/share/texlive/texmf-dist/tex/generic/pgf/basiclayer/pgfcoreexternal.code.
tex
File: pgfcoreexternal.code.tex 2014/07/09  (rcs-revision 1.21)
\pgfexternal@startupbox=\box38
))
(/usr/share/texlive/texmf-dist/tex/generic/pgf/basiclayer/pgfcorelayers.code.te
x
File: pgfcorelayers.code.tex 2013/07/18  (rcs-revision 1.7)
)
(/usr/share/texlive/texmf-dist/tex/generic/pgf/basiclayer/pgfcoretransparency.c
ode.tex
File: pgfcoretransparency.code.tex 2013/09/30  (rcs-revision 1.5)
)
(/usr/share/texlive/texmf-dist/tex/generic/pgf/basiclayer/pgfcorepatterns.code.
tex
File: pgfcorepatterns.code.tex 2013/11/07  (rcs-revision 1.5)
)))
(/usr/share/texlive/texmf-dist/tex/generic/pgf/modules/pgfmoduleshapes.code.tex
File: pgfmoduleshapes.code.tex 2014/03/21  (rcs-revision 1.35)
\pgfnodeparttextbox=\box39
) (/usr/share/texlive/texmf-dist/tex/generic/pgf/modules/pgfmoduleplot.code.tex
File: pgfmoduleplot.code.tex 2015/08/03  (rcs-revision 1.13)
)
(/usr/share/texlive/texmf-dist/tex/latex/pgf/compatibility/pgfcomp-version-0-65
.sty
Package: pgfcomp-version-0-65 2007/07/03 v3.0.1a (rcs-revision 1.7)
\pgf@nodesepstart=\dimen153
\pgf@nodesepend=\dimen154
)
(/usr/share/texlive/texmf-dist/tex/latex/pgf/compatibility/pgfcomp-version-1-18
.sty
Package: pgfcomp-version-1-18 2007/07/23 v3.0.1a (rcs-revision 1.1)
)) (/usr/share/texlive/texmf-dist/tex/latex/pgf/utilities/pgffor.sty
(/usr/share/texlive/texmf-dist/tex/latex/pgf/utilities/pgfkeys.sty
(/usr/share/texlive/texmf-dist/tex/generic/pgf/utilities/pgfkeys.code.tex))
(/usr/share/texlive/texmf-dist/tex/latex/pgf/math/pgfmath.sty
(/usr/share/texlive/texmf-dist/tex/generic/pgf/math/pgfmath.code.tex))
(/usr/share/texlive/texmf-dist/tex/generic/pgf/utilities/pgffor.code.tex
Package: pgffor 2013/12/13 v3.0.1a (rcs-revision 1.25)

(/usr/share/texlive/texmf-dist/tex/generic/pgf/math/pgfmath.code.tex)
\pgffor@iter=\dimen155
\pgffor@skip=\dimen156
\pgffor@stack=\toks34
\pgffor@toks=\toks35
))
(/usr/share/texlive/texmf-dist/tex/generic/pgf/frontendlayer/tikz/tikz.code.tex
Package: tikz 2015/08/07 v3.0.1a (rcs-revision 1.151)

(/usr/share/texlive/texmf-dist/tex/generic/pgf/libraries/pgflibraryplothandlers
.code.tex
File: pgflibraryplothandlers.code.tex 2013/08/31 v3.0.1a (rcs-revision 1.20)
\pgf@plot@mark@count=\count120
\pgfplotmarksize=\dimen157
)
\tikz@lastx=\dimen158
\tikz@lasty=\dimen159
\tikz@lastxsaved=\dimen160
\tikz@lastysaved=\dimen161
\tikzleveldistance=\dimen162
\tikzsiblingdistance=\dimen163
\tikz@figbox=\box40
\tikz@figbox@bg=\box41
\tikz@tempbox=\box42
\tikz@tempbox@bg=\box43
\tikztreelevel=\count121
\tikznumberofchildren=\count122
\tikznumberofcurrentchild=\count123
\tikz@fig@count=\count124

(/usr/share/texlive/texmf-dist/tex/generic/pgf/modules/pgfmodulematrix.code.tex
File: pgfmodulematrix.code.tex 2013/09/17  (rcs-revision 1.8)
\pgfmatrixcurrentrow=\count125
\pgfmatrixcurrentcolumn=\count126
\pgf@matrix@numberofcolumns=\count127
)
\tikz@expandcount=\count128

(/usr/share/texlive/texmf-dist/tex/generic/pgf/frontendlayer/tikz/libraries/tik
zlibrarytopaths.code.tex
File: tikzlibrarytopaths.code.tex 2008/06/17 v3.0.1a (rcs-revision 1.2)
)))
(/usr/share/texlive/texmf-dist/tex/latex/tools/verbatim.sty
Package: verbatim 2014/10/28 v1.5q LaTeX2e package for verbatim enhancements
\every@verbatim=\toks36
\verbatim@line=\toks37
\verbatim@in@stream=\read2
){/var/lib/texmf/fonts/map/pdftex/updmap/pdftex.map}{Unicode.sfd} (./doc.aux)
\openout1 = `doc.aux'.

LaTeX Font Info:    Checking defaults for OML/cmm/m/it on input line 15.
LaTeX Font Info:    ... okay on input line 15.
LaTeX Font Info:    Checking defaults for T1/cmr/m/n on input line 15.
LaTeX Font Info:    ... okay on input line 15.
LaTeX Font Info:    Checking defaults for OT1/cmr/m/n on input line 15.
LaTeX Font Info:    ... okay on input line 15.
LaTeX Font Info:    Checking defaults for OMS/cmsy/m/n on input line 15.
LaTeX Font Info:    ... okay on input line 15.
LaTeX Font Info:    Checking defaults for OMX/cmex/m/n on input line 15.
LaTeX Font Info:    ... okay on input line 15.
LaTeX Font Info:    Checking defaults for U/cmr/m/n on input line 15.
LaTeX Font Info:    ... okay on input line 15.

(/usr/share/texlive/texmf-dist/tex/context/base/supp-pdf.mkii
[Loading MPS to PDF converter (version 2006.09.02).]
\scratchcounter=\count129
\scratchdimen=\dimen164
\scratchbox=\box44
\nofMPsegments=\count130
\nofMParguments=\count131
\everyMPshowfont=\toks38
\MPscratchCnt=\count132
\MPscratchDim=\dimen165
\MPnumerator=\count133
\makeMPintoPDFobject=\count134
\everyMPtoPDFconversion=\toks39
) (/usr/share/texlive/texmf-dist/tex/generic/oberdiek/pdftexcmds.sty
Package: pdftexcmds 2011/11/29 v0.20 Utility functions of pdfTeX for LuaTeX (HO
)

(/usr/share/texlive/texmf-dist/tex/generic/oberdiek/ifluatex.sty
Package: ifluatex 2010/03/01 v1.3 Provides the ifluatex switch (HO)
Package ifluatex Info: LuaTeX not detected.
)
(/usr/share/texlive/texmf-dist/tex/generic/oberdiek/ifpdf.sty
Package: ifpdf 2011/01/30 v2.3 Provides the ifpdf switch (HO)
Package ifpdf Info: pdfTeX in PDF mode is detected.
)
Package pdftexcmds Info: LuaTeX not detected.
Package pdftexcmds Info: \pdf@primitive is available.
Package pdftexcmds Info: \pdf@ifprimitive is available.
Package pdftexcmds Info: \pdfdraftmode found.
)
(/usr/share/texlive/texmf-dist/tex/latex/oberdiek/epstopdf-base.sty
Package: epstopdf-base 2010/02/09 v2.5 Base part for package epstopdf

(/usr/share/texlive/texmf-dist/tex/latex/oberdiek/grfext.sty
Package: grfext 2010/08/19 v1.1 Manage graphics extensions (HO)

(/usr/share/texlive/texmf-dist/tex/generic/oberdiek/kvdefinekeys.sty
Package: kvdefinekeys 2011/04/07 v1.3 Define keys (HO)
))
(/usr/share/texlive/texmf-dist/tex/latex/oberdiek/kvoptions.sty
Package: kvoptions 2011/06/30 v3.11 Key value format for package options (HO)

(/usr/share/texlive/texmf-dist/tex/generic/oberdiek/kvsetkeys.sty
Package: kvsetkeys 2012/04/25 v1.16 Key value parser (HO)

(/usr/share/texlive/texmf-dist/tex/generic/oberdiek/etexcmds.sty
Package: etexcmds 2011/02/16 v1.5 Avoid name clashes with e-TeX commands (HO)
Package etexcmds Info: Could not find \expanded.
(etexcmds)             That can mean that you are not using pdfTeX 1.50 or
(etexcmds)             that some package has redefined \expanded.
(etexcmds)             In the latter case, load this package earlier.
)))
Package grfext Info: Graphics extension search list:
(grfext)             [.png,.pdf,.jpg,.mps,.jpeg,.jbig2,.jb2,.PNG,.PDF,.JPG,.JPE
G,.JBIG2,.JB2,.eps]
(grfext)             \AppendGraphicsExtensions on input line 452.

(/usr/share/texlive/texmf-dist/tex/latex/latexconfig/epstopdf-sys.cfg
File: epstopdf-sys.cfg 2010/07/13 v1.3 Configuration of (r)epstopdf for TeX Liv
e
))
\c@lstlisting=\count135

ABD: EveryShipout initializing macros
LaTeX Font Info:    Try loading font information for U+msa on input line 20.

(/usr/share/texlive/texmf-dist/tex/latex/amsfonts/umsa.fd
File: umsa.fd 2013/01/14 v3.01 AMS symbols A
)
LaTeX Font Info:    Try loading font information for U+msb on input line 20.

(/usr/share/texlive/texmf-dist/tex/latex/amsfonts/umsb.fd
File: umsb.fd 2013/01/14 v3.01 AMS symbols B
) (./doc.toc)
\tf@toc=\write4
\openout4 = `doc.toc'.


(./neuranet.tex
Underfull \hbox (badness 10000) in paragraph at lines 3--4

 []


Underfull \hbox (badness 10000) in paragraph at lines 5--6

 []

[1

]
Underfull \hbox (badness 10000) in paragraph at lines 7--8

 []


Underfull \hbox (badness 10000) in paragraph at lines 9--10

 []


Underfull \hbox (badness 10000) in paragraph at lines 11--12

 []


Underfull \hbox (badness 10000) in paragraph at lines 13--14

 []


Underfull \hbox (badness 10000) in paragraph at lines 15--16

 []


Underfull \hbox (badness 10000) in paragraph at lines 17--18

 []


Underfull \hbox (badness 10000) in paragraph at lines 21--22

 []

[2]
File: /home/bayashi/GitHub/NeuraNet/neuranet.h  (verbatim)
 [3] [4] [5] [6]
Overfull \hbox (5.25568pt too wide) in paragraph at lines 31--31
[]\OT1/cmtt/m/n/8 void NNEval(const NeuraNet* const that, const VecFloat* const
 input, VecFloat* const output);[] 
 []

[7] [8] [9]
File: /home/bayashi/GitHub/NeuraNet/neuranet.c  (verbatim)
 [10] [11] [12] [13] [14] [15] [16]
Overfull \hbox (9.50574pt too wide) in paragraph at lines 41--41
[]\OT1/cmtt/m/n/8 void NNEval(const NeuraNet* const that, const VecFloat* const
 input, VecFloat* const output) {[] 
 []

[17] [18] [19] [20] [21] [22] [23] [24] [25] [26] [27] [28]
File: /home/bayashi/GitHub/NeuraNet/neuranet-inline.c  (verbatim)
 [29] [30] [31]
[32]
File: /home/bayashi/GitHub/NeuraNet/Makefile  (verbatim)

Overfull \hbox (787.2669pt too wide) in paragraph at lines 57--57
[]\OT1/cmtt/m/n/8 if [ ! -d ../PBMake ]; then wget https://github.com/BayashiPa
scal/PBMake/archive/master.zip; unzip master.zip; rm -f master.zip; sed -i '' '
s@ROOT_DIR=.*@ROOT_DIR='"`pwd | gawk -F/ 'NF{NF-=1};1' | sed -e 's@ @/@g'`"'@' 
PBMake-master/Makefile.inc; mv PBMake-master ../PBMake; fi[] 
 []

[33]
Overfull \hbox (196.50842pt too wide) in paragraph at lines 57--57
[]\OT1/cmtt/m/n/8 $(COMPILER) `echo "$($(repo)_EXE_DEP) $($(repo)_EXENAME).o" |
 tr ' ' '\n' | sort -u` $(LINK_ARG) $($(repo)_LINK_ARG) -o $($(repo)_EXENAME)[]
 
 []


Overfull \hbox (188.0083pt too wide) in paragraph at lines 57--57
[]\OT1/cmtt/m/n/8 $(COMPILER) $(BUILD_ARG) $($(repo)_BUILD_ARG) `echo "$($(repo
)_INC_DIR)" | tr ' ' '\n' | sort -u` -c $($(repo)_DIR)/$($(repo)_EXENAME).c[] 
 []


Overfull \hbox (111.5072pt too wide) in paragraph at lines 57--57
[]\OT1/cmtt/m/n/8 $(COMPILER) nn2cloud.o `echo "$($(repo)_EXE_DEP)" | tr ' ' '\
n' | sort -u` $(LINK_ARG) $($(repo)_LINK_ARG) -o nn2cloud[] 
 []


Overfull \hbox (145.50769pt too wide) in paragraph at lines 57--57
[]\OT1/cmtt/m/n/8 $(COMPILER) $(BUILD_ARG) $($(repo)_BUILD_ARG) `echo "$($(repo
)_INC_DIR)" | tr ' ' '\n' | sort -u` -c $($(repo)_DIR)/nn2cloud.c[] 
 []

File: /home/bayashi/GitHub/NeuraNet/main.c  (verbatim)
[34] [35] [36] [37] [38] [39] [40]
Overfull \hbox (56.25641pt too wide) in paragraph at lines 65--65
[]        \OT1/cmtt/m/n/8 VecSet(&checkhidden, 0, tan(0.5 * NN_THETA) * tan(-0.
5 * NN_THETA) * fsquare(VecGet(&input, 0)));[] 
 []

[41] [42]
File: /home/bayashi/GitHub/NeuraNet/unitTestRef.txt  (verbatim)

Overfull \hbox (1480.02686pt too wide) in paragraph at lines 73--73
[]\OT1/cmtt/m/n/8 bases: <0.000,0.000,0.000,0.000,0.000,0.000,0.000,0.000,0.000
,0.000,0.000,0.000,0.000,0.000,0.000,0.000,0.000,0.000,0.000,0.000,0.000,0.000,
0.000,0.000,0.000,0.000,0.000,0.000,0.000,0.000,0.000,0.000,0.000,0.000,0.000,0
.000,0.000,0.000,0.000,0.000,0.000,0.000,0.000,0.000,0.000,0.000,0.000,0.000,0.
000,0.000,0.000,0.000,0.000,0.000,0.000,0.000,0.000,0.000,0.000,0.000,0.000,0.0
00,0.000,0.000,0.000,0.000,0.000,0.000,0.000,0.000,0.000,0.000>[] 
 []


Overfull \hbox (1998.5343pt too wide) in paragraph at lines 73--73
[]\OT1/cmtt/m/n/8 links: <0,0,12,4,0,18,1,1,12,0,1,13,5,1,18,4,1,19,1,2,13,0,2,
14,5,2,19,4,2,20,1,3,14,5,3,20,2,4,12,0,4,15,6,4,18,4,4,21,3,5,12,2,5,13,1,5,15
,0,5,16,7,5,18,6,5,19,5,5,21,4,5,22,3,6,13,2,6,14,1,6,16,0,6,17,7,6,19,6,6,20,5
,6,22,4,6,23,3,7,14,1,7,17,7,7,20,5,7,23,2,8,15,6,8,21,3,9,15,2,9,16,7,9,21,6,9
,22,3,10,16,2,10,17,7,10,22,6,10,23,3,11,17,7,11,23,8,12,24,9,13,24,8,13,25,9,1
4,25,10,15,24,11,16,24,10,16,25,11,17,25,12,18,26,13,19,26,12,19,27,13,20,27,14
,21,26,15,22,26,14,22,27,15,23,27,16,24,28,17,24,29,18,25,28,19,25,29,20,26,28,
21,26,29,22,27,28,23,27,29>[] 
 []


Overfull \hbox (86.00684pt too wide) in paragraph at lines 73--73
[]\OT1/cmtt/m/n/8 hidden values: <0.000,0.000,0.000,0.000,0.000,0.000,0.000,0.0
00,0.000,0.000,0.000,0.000,0.000,0.000,0.000,0.000>[] 
 []

[43]
Overfull \hbox (205.00854pt too wide) in paragraph at lines 73--73
[]\OT1/cmtt/m/n/8 bases: <0.866,0.350,0.504,-0.629,0.755,0.517,0.954,0.711,0.60
6,0.291,-0.772,0.292,0.503,0.686,-0.691,0.204,0.840,-0.419,0.220,-0.464,-0.223>
[] 
 []


Underfull \hbox (badness 10000) in paragraph at lines 77--80

 []

File: /home/bayashi/GitHub/NeuraNet/neuranet.txt  (verbatim)

Overfull \hbox (222.00879pt too wide) in paragraph at lines 80--80
[]    \OT1/cmtt/m/n/8 "_val":["0.000000","0.010000","0.020000","0.030000","0.04
0000","0.050000","0.060000","0.070000","0.080000","0.090000","0.100000","0.1100
00"][] 
 []


Underfull \hbox (badness 10000) in paragraph at lines 84--87

 []

File: /home/bayashi/GitHub/NeuraNet/bestnn.txt  (verbatim)

Overfull \hbox (689.5155pt too wide) in paragraph at lines 87--87
[]    \OT1/cmtt/m/n/8 "_val":["-0.555406","-0.866536","-0.607336","-0.943796","
-0.114348","-0.853390","0.497698","0.937390","-0.931933","0.488337","-0.651639"
,"0.965094","0.255235","-0.379767","-0.060657","0.295647","0.893409","-0.300444
","0.556505","0.609456","0.762979"][] 
 []


Overfull \hbox (22.25592pt too wide) in paragraph at lines 87--87
[]    \OT1/cmtt/m/n/8 "_val":["0","0","5","3","0","5","6","1","4","5","1","6","
2","1","7","4","5","6","-1","5","6"][] 
 []


Underfull \hbox (badness 10000) in paragraph at lines 120--123

 []

File: /home/bayashi/GitHub/NeuraNet/cloud.txt  (verbatim)
[44] <./cloud.png, id=154, 270.00874pt x 268.00125pt>
File: ./cloud.png Graphic file (type png)
 <use ./cloud.png>
Package pdftex.def Info: ./cloud.png used on input line 129.
(pdftex.def)             Requested size: 142.26378pt x 141.20984pt.

Underfull \hbox (badness 10000) in paragraph at lines 139--140

 []


Underfull \hbox (badness 10000) in paragraph at lines 141--144

 []

File: /home/bayashi/GitHub/NeuraNet/Examples/Iris/main.c  (verbatim)
[45 <./cloud.png>] [46] [47] [48] [49] [50] [51] [52] [53] [54]
Underfull \hbox (badness 10000) in paragraph at lines 148--151

 []

File: /home/bayashi/GitHub/NeuraNet/Examples/Iris/learn.txt  (verbatim)

Underfull \hbox (badness 10000) in paragraph at lines 155--158

 []

File: /home/bayashi/GitHub/NeuraNet/Examples/Iris/checktest.txt  (verbatim)
[55]
Underfull \hbox (badness 10000) in paragraph at lines 162--165

 []

File: /home/bayashi/GitHub/NeuraNet/Examples/Iris/checkall.txt  (verbatim)

Underfull \hbox (badness 10000) in paragraph at lines 171--172

 []


Underfull \hbox (badness 10000) in paragraph at lines 173--176

 []

File: /home/bayashi/GitHub/NeuraNet/Examples/Abalone/main.c  (verbatim)
[56] [57] [58] [59] [60] [61] [62] [63] [64] [65] [66]
Underfull \hbox (badness 10000) in paragraph at lines 180--183

 []

File: /home/bayashi/GitHub/NeuraNet/Examples/Abalone/learn.txt  (verbatim)
[67] [68] [69] [70] [71] [72] [73] [74] [75] [76] [77]
Underfull \hbox (badness 10000) in paragraph at lines 187--190

 []

File: /home/bayashi/GitHub/NeuraNet/Examples/Abalone/checktest.txt  (verbatim)

Underfull \hbox (badness 10000) in paragraph at lines 194--197

 []

File: /home/bayashi/GitHub/NeuraNet/Examples/Abalone/checkall.txt  (verbatim)
[78]
Underfull \hbox (badness 10000) in paragraph at lines 203--204

 []


Underfull \hbox (badness 10000) in paragraph at lines 205--208

 []

File: /home/bayashi/GitHub/NeuraNet/Examples/Arrhythmia/main.c  (verbatim)
[79] [80] [81] [82] [83] [84] [85] [86] [87] [88]
Underfull \hbox (badness 10000) in paragraph at lines 212--215

 []

File: /home/bayashi/GitHub/NeuraNet/Examples/Arrhythmia/learn.txt  (verbatim)
[89] [90]
Underfull \hbox (badness 10000) in paragraph at lines 219--222

 []

File: /home/bayashi/GitHub/NeuraNet/Examples/Arrhythmia/checktest.txt  (verbati
m)

Underfull \hbox (badness 10000) in paragraph at lines 226--229

 []

File: /home/bayashi/GitHub/NeuraNet/Examples/Arrhythmia/checkall.txt  (verbatim
)

Overfull \hbox (60.92589pt too wide) in paragraph at lines 235--236
\OT1/cmr/m/n/12 Source: https://archive.ics.uci.edu/ml/datasets/Breast+Cancer+W
isconsin+Diagnostic 
 []


Underfull \hbox (badness 10000) in paragraph at lines 235--236

 []


Underfull \hbox (badness 10000) in paragraph at lines 237--240

 []

File: /home/bayashi/GitHub/NeuraNet/Examples/WisconsinDiagnosticBreastCancer/ma
in.c  (verbatim)
[91] [92] [93] [94] [95] [96] [97] [98] [99] [100] [101]
Underfull \hbox (badness 10000) in paragraph at lines 244--247

 []

File: /home/bayashi/GitHub/NeuraNet/Examples/WisconsinDiagnosticBreastCancer/le
arn.txt  (verbatim)
[102]
Underfull \hbox (badness 10000) in paragraph at lines 251--254

 []

File: /home/bayashi/GitHub/NeuraNet/Examples/WisconsinDiagnosticBreastCancer/ch
ecktest.txt  (verbatim)

Underfull \hbox (badness 10000) in paragraph at lines 258--261

 []

File: /home/bayashi/GitHub/NeuraNet/Examples/WisconsinDiagnosticBreastCancer/ch
eckall.txt  (verbatim)

Underfull \hbox (badness 10000) in paragraph at lines 267--268

 []


Underfull \hbox (badness 10000) in paragraph at lines 269--272

 []

File: /home/bayashi/GitHub/NeuraNet/Examples/MNIST/main.c  (verbatim)
[103] [104] [105] [106] [107] [108] [109] [110] [111] [112]
Underfull \hbox (badness 10000) in paragraph at lines 276--279

 []

File: /home/bayashi/GitHub/NeuraNet/Examples/MNIST/learn.txt  (verbatim)
[113] [114] [115] [116] [117] [118] [119] [120] [121] [122] [123] [124]
[125] [126] [127]
No file /home/bayashi/GitHub/NeuraNet/Examples/MNIST/checktest.txt.

Underfull \hbox (badness 10000) in paragraph at lines 283--289

 []


Underfull \hbox (badness 10000) in paragraph at lines 290--293

 []

File: /home/bayashi/GitHub/NeuraNet/Examples/MNIST/checkall.txt  (verbatim)
[128]
Overfull \hbox (98.59077pt too wide) in paragraph at lines 299--300
\OT1/cmr/m/n/12 Source: https://archive.ics.uci.edu/ml/datasets/Optical+Recogni
tion+of+Handwritten+Digits 
 []


Underfull \hbox (badness 10000) in paragraph at lines 299--300

 []


Underfull \hbox (badness 10000) in paragraph at lines 301--304

 []

File: /home/bayashi/GitHub/NeuraNet/Examples/ORHD/main.c  (verbatim)
[129] [130]
Overfull \hbox (540.76337pt too wide) in paragraph at lines 304--304
[]      \OT1/cmtt/m/n/8 ret = fscanf(f, "%f,%f,%f,%f,%f,%f,%f,%f,%f,%f,%f,%f,%f
,%f,%f,%f,%f,%f,%f,%f,%f,%f,%f,%f,%f,%f,%f,%f,%f,%f,%f,%f,%f,%f,%f,%f,%f,%f,%f,
%f,%f,%f,%f,%f,%f,%f,%f,%f,%f,%f,%f,%f,%f,%f,%f,%f,%f,%f,%f,%f,%f,%f,%f,%f,%d",
[] 
 []

[131]
Overfull \hbox (540.76337pt too wide) in paragraph at lines 304--304
[]      \OT1/cmtt/m/n/8 ret = fscanf(f, "%f,%f,%f,%f,%f,%f,%f,%f,%f,%f,%f,%f,%f
,%f,%f,%f,%f,%f,%f,%f,%f,%f,%f,%f,%f,%f,%f,%f,%f,%f,%f,%f,%f,%f,%f,%f,%f,%f,%f,
%f,%f,%f,%f,%f,%f,%f,%f,%f,%f,%f,%f,%f,%f,%f,%f,%f,%f,%f,%f,%f,%f,%f,%f,%f,%d",
[] 
 []

[132]
Overfull \hbox (540.76337pt too wide) in paragraph at lines 304--304
[]      \OT1/cmtt/m/n/8 ret = fscanf(f, "%f,%f,%f,%f,%f,%f,%f,%f,%f,%f,%f,%f,%f
,%f,%f,%f,%f,%f,%f,%f,%f,%f,%f,%f,%f,%f,%f,%f,%f,%f,%f,%f,%f,%f,%f,%f,%f,%f,%f,
%f,%f,%f,%f,%f,%f,%f,%f,%f,%f,%f,%f,%f,%f,%f,%f,%f,%f,%f,%f,%f,%f,%f,%f,%f,%d",
[] 
 []

[133] [134]
Overfull \hbox (540.76337pt too wide) in paragraph at lines 304--304
[]      \OT1/cmtt/m/n/8 ret = fscanf(f, "%f,%f,%f,%f,%f,%f,%f,%f,%f,%f,%f,%f,%f
,%f,%f,%f,%f,%f,%f,%f,%f,%f,%f,%f,%f,%f,%f,%f,%f,%f,%f,%f,%f,%f,%f,%f,%f,%f,%f,
%f,%f,%f,%f,%f,%f,%f,%f,%f,%f,%f,%f,%f,%f,%f,%f,%f,%f,%f,%f,%f,%f,%f,%f,%f,%d",
[] 
 []

[135] [136] [137] [138] [139] [140] [141] [142]
Underfull \hbox (badness 10000) in paragraph at lines 308--311

 []

File: /home/bayashi/GitHub/NeuraNet/Examples/ORHD/learn.txt  (verbatim)
[143] [144] [145] [146] [147]
Underfull \hbox (badness 10000) in paragraph at lines 315--318

 []

File: /home/bayashi/GitHub/NeuraNet/Examples/ORHD/checktest.txt  (verbatim)
[148]
Underfull \hbox (badness 10000) in paragraph at lines 322--325

 []

File: /home/bayashi/GitHub/NeuraNet/Examples/ORHD/checkall.txt  (verbatim)
File: /home/bayashi/GitHub/NeuraNet/nn2cloud.c  (verbatim)
[149]) [150] (./doc.aux) ) 
Here is how much of TeX's memory you used:
 13675 strings out of 493029
 264089 string characters out of 6136233
 306781 words of memory out of 5000000
 16923 multiletter control sequences out of 15000+600000
 12740 words of font info for 50 fonts, out of 8000000 for 9000
 1141 hyphenation exceptions out of 8191
 55i,6n,54p,655b,310s stack positions out of 5000i,500n,10000p,200000b,80000s
</usr/share/texlive/texmf-dist/fonts/type1/public/ams
fonts/cm/cmbx12.pfb></usr/share/texlive/texmf-dist/fonts/type1/public/amsfonts/
cm/cmmi12.pfb></usr/share/texlive/texmf-dist/fonts/type1/public/amsfonts/cm/cmr
12.pfb></usr/share/texlive/texmf-dist/fonts/type1/public/amsfonts/cm/cmr17.pfb>
</usr/share/texlive/texmf-dist/fonts/type1/public/amsfonts/cm/cmr8.pfb></usr/sh
are/texlive/texmf-dist/fonts/type1/public/amsfonts/cm/cmsy10.pfb></usr/share/te
xlive/texmf-dist/fonts/type1/public/amsfonts/cm/cmtt12.pfb></usr/share/texlive/
texmf-dist/fonts/type1/public/amsfonts/cm/cmtt8.pfb></usr/share/texlive/texmf-d
ist/fonts/type1/public/amsfonts/symbols/msbm10.pfb>

pdfTeX warning: pdflatex: no GlyphToUnicode entry has been inserted yet!
Output written on doc.pdf (150 pages, 274971 bytes).
PDF statistics:
 530 PDF objects out of 1000 (max. 8388607)
 363 compressed objects within 4 object streams
 0 named destinations out of 1000 (max. 500000)
 18 words of extra memory for PDF output out of 10000 (max. 10000000)

